
--------------------------------------------------------------------------------
Contexts(
    BindingInitialize1(
        Binding {
            identifier: Some(
                Symbol(
                    "s-in"
                )
            ),
            initialized: false,
            immutable: false,
            handle: Handle(
                "ab747e762dce2cd2"
            )
        },
        ProcedurePrimitiveCall(
            ProcedurePrimitiveCall0(
                Port(
                    CurrentInput
                )
            )
        )
    )
)
--------------------------------------------------------------------------------


--------------------------------------------------------------------------------
Contexts(
    BindingInitialize1(
        Binding {
            identifier: Some(
                Symbol(
                    "s-out"
                )
            ),
            initialized: false,
            immutable: false,
            handle: Handle(
                "701c5b129a559e30"
            )
        },
        ProcedurePrimitiveCall(
            ProcedurePrimitiveCall0(
                Port(
                    CurrentOutput
                )
            )
        )
    )
)
--------------------------------------------------------------------------------


--------------------------------------------------------------------------------
Contexts(
    RegisterClosure(
        Loop(
            Some(
                Contexts(
                    RegisterInitializeN(
                        [
                            (
                                0,
                                ProcedurePrimitiveCall(
                                    ProcedurePrimitiveCall1(
                                        Port(
                                            StringReadLine
                                        ),
                                        Contexts(
                                            BindingGet1(
                                                Binding {
                                                    identifier: Some(
                                                        Symbol(
                                                            "s-in"
                                                        )
                                                    ),
                                                    initialized: false,
                                                    immutable: false,
                                                    handle: Handle(
                                                        "ab747e762dce2cd2"
                                                    )
                                                }
                                            )
                                        )
                                    )
                                )
                            )
                        ],
                        true
                    )
                )
            ),
            Some(
                Contexts(
                    RegisterSet1(
                        0,
                        ProcedurePrimitiveCall(
                            ProcedurePrimitiveCall1(
                                Port(
                                    StringReadLine
                                ),
                                Contexts(
                                    BindingGet1(
                                        Binding {
                                            identifier: Some(
                                                Symbol(
                                                    "s-in"
                                                )
                                            ),
                                            initialized: false,
                                            immutable: false,
                                            handle: Handle(
                                                "ab747e762dce2cd2"
                                            )
                                        }
                                    )
                                )
                            )
                        )
                    )
                )
            ),
            Some(
                Sequence(
                    ReturnLast,
                    [
                        ProcedurePrimitiveCall(
                            ProcedurePrimitiveCall2(
                                Port(
                                    StringWrite
                                ),
                                Contexts(
                                    RegisterGet1(
                                        0
                                    )
                                ),
                                Contexts(
                                    BindingGet1(
                                        Binding {
                                            identifier: Some(
                                                Symbol(
                                                    "s-out"
                                                )
                                            ),
                                            initialized: false,
                                            immutable: false,
                                            handle: Handle(
                                                "701c5b129a559e30"
                                            )
                                        }
                                    )
                                )
                            )
                        ),
                        ProcedurePrimitiveCall(
                            ProcedurePrimitiveCall0(
                                Port(
                                    NewLine
                                )
                            )
                        )
                    ]
                )
            ),
            Some(
                Single(
                    GuardOnly(
                        Expression(
                            ProcedurePrimitiveCall(
                                ProcedurePrimitiveCall1(
                                    Type(
                                        IsPortEof
                                    ),
                                    Contexts(
                                        RegisterGet1(
                                            0
                                        )
                                    )
                                )
                            ),
                            false
                        ),
                        Return
                    )
                )
            )
        ),
        [
            LocalValue(
                None,
                false
            )
        ]
    )
)
--------------------------------------------------------------------------------

