
--------------------------------------------------------------------------------
Contexts(
    BindingInitialize1(
        Binding {
            identifier: Some(
                Symbol(
                    "input-port",
                ),
            ),
            initialized: false,
            immutable: false,
            handle: Handle(
                "981114fe5dfd3631",
            ),
        },
        ProcedurePrimitiveCall(
            ProcedurePrimitiveCall0(
                Port(
                    CurrentInput,
                ),
            ),
        ),
    ),
)
--------------------------------------------------------------------------------


--------------------------------------------------------------------------------
Contexts(
    BindingInitialize1(
        Binding {
            identifier: Some(
                Symbol(
                    "output-port",
                ),
            ),
            initialized: false,
            immutable: false,
            handle: Handle(
                "6740d41603eb2a7a",
            ),
        },
        ProcedurePrimitiveCall(
            ProcedurePrimitiveCall0(
                Port(
                    CurrentOutput,
                ),
            ),
        ),
    ),
)
--------------------------------------------------------------------------------


--------------------------------------------------------------------------------
Contexts(
    RegisterClosure(
        Loop(
            Some(
                Contexts(
                    RegisterInitializeN(
                        [
                            (
                                0,
                                ProcedurePrimitiveCall(
                                    ProcedurePrimitiveCall1(
                                        Port(
                                            StringReadLine,
                                        ),
                                        Contexts(
                                            BindingGet1(
                                                Binding {
                                                    identifier: Some(
                                                        Symbol(
                                                            "input-port",
                                                        ),
                                                    ),
                                                    initialized: false,
                                                    immutable: false,
                                                    handle: Handle(
                                                        "981114fe5dfd3631",
                                                    ),
                                                },
                                            ),
                                        ),
                                    ),
                                ),
                            ),
                        ],
                        true,
                    ),
                ),
            ),
            Some(
                Contexts(
                    RegisterSet1(
                        0,
                        ProcedurePrimitiveCall(
                            ProcedurePrimitiveCall1(
                                Port(
                                    StringReadLine,
                                ),
                                Contexts(
                                    BindingGet1(
                                        Binding {
                                            identifier: Some(
                                                Symbol(
                                                    "input-port",
                                                ),
                                            ),
                                            initialized: false,
                                            immutable: false,
                                            handle: Handle(
                                                "981114fe5dfd3631",
                                            ),
                                        },
                                    ),
                                ),
                            ),
                        ),
                    ),
                ),
            ),
            Some(
                Sequence(
                    ReturnLast,
                    [
                        ProcedurePrimitiveCall(
                            ProcedurePrimitiveCall2(
                                Port(
                                    StringWrite,
                                ),
                                Contexts(
                                    RegisterGet1(
                                        0,
                                    ),
                                ),
                                Contexts(
                                    BindingGet1(
                                        Binding {
                                            identifier: Some(
                                                Symbol(
                                                    "output-port",
                                                ),
                                            ),
                                            initialized: false,
                                            immutable: false,
                                            handle: Handle(
                                                "6740d41603eb2a7a",
                                            ),
                                        },
                                    ),
                                ),
                            ),
                        ),
                        ProcedurePrimitiveCall(
                            ProcedurePrimitiveCall1(
                                Port(
                                    NewLine,
                                ),
                                Contexts(
                                    BindingGet1(
                                        Binding {
                                            identifier: Some(
                                                Symbol(
                                                    "output-port",
                                                ),
                                            ),
                                            initialized: false,
                                            immutable: false,
                                            handle: Handle(
                                                "6740d41603eb2a7a",
                                            ),
                                        },
                                    ),
                                ),
                            ),
                        ),
                    ],
                ),
            ),
            Some(
                Single(
                    GuardOnly(
                        Expression(
                            ProcedurePrimitiveCall(
                                ProcedurePrimitiveCall1(
                                    Type(
                                        IsPortEof,
                                    ),
                                    Contexts(
                                        RegisterGet1(
                                            0,
                                        ),
                                    ),
                                ),
                            ),
                            false,
                        ),
                        Return,
                    ),
                ),
            ),
        ),
        [
            LocalValue(
                None,
                false,
            ),
        ],
    ),
)
--------------------------------------------------------------------------------

