
--------------------------------------------------------------------------------
ProcedureGenericCall(
    ProcedureCall0(
        ProcedureGenericCall(
            ProcedureCall0(
                ProcedureGenericCall(
                    ProcedureCall0(
                        ProcedureGenericCall(
                            ProcedureCall0(
                                Value(
                                    Symbol(
                                        "symbol",
                                    ),
                                ),
                            ),
                        ),
                    ),
                ),
            ),
        ),
    ),
)
--------------------------------------------------------------------------------

