
--------------------------------------------------------------------------------
Contexts(
    BindingInitialize1(
        Binding {
            identifier: Some(
                Symbol(
                    "s-in"
                )
            ),
            initialized: false,
            immutable: false,
            handle: Handle(478e7baf0571ad11)
        },
        ProcedurePrimitiveCall(
            ProcedurePrimitiveCall0(
                Port(
                    CurrentInput
                )
            )
        )
    )
)
--------------------------------------------------------------------------------


--------------------------------------------------------------------------------
Contexts(
    BindingInitialize1(
        Binding {
            identifier: Some(
                Symbol(
                    "s-out"
                )
            ),
            initialized: false,
            immutable: false,
            handle: Handle(010abfcdfbfe191a)
        },
        ProcedurePrimitiveCall(
            ProcedurePrimitiveCall0(
                Port(
                    CurrentOutput
                )
            )
        )
    )
)
--------------------------------------------------------------------------------


--------------------------------------------------------------------------------
Contexts(
    RegisterClosure(
        Loop(
            Some(
                Contexts(
                    RegisterInitializeN(
                        [
                            (
                                0,
                                ProcedurePrimitiveCall(
                                    ProcedurePrimitiveCall1(
                                        Port(
                                            StringReadChunk
                                        ),
                                        Contexts(
                                            BindingGet1(
                                                Binding {
                                                    identifier: Some(
                                                        Symbol(
                                                            "s-in"
                                                        )
                                                    ),
                                                    initialized: false,
                                                    immutable: false,
                                                    handle: Handle(478e7baf0571ad11)
                                                }
                                            )
                                        )
                                    )
                                )
                            )
                        ],
                        true
                    )
                )
            ),
            Some(
                Contexts(
                    RegisterSet1(
                        0,
                        ProcedurePrimitiveCall(
                            ProcedurePrimitiveCall1(
                                Port(
                                    StringReadChunk
                                ),
                                Contexts(
                                    BindingGet1(
                                        Binding {
                                            identifier: Some(
                                                Symbol(
                                                    "s-in"
                                                )
                                            ),
                                            initialized: false,
                                            immutable: false,
                                            handle: Handle(478e7baf0571ad11)
                                        }
                                    )
                                )
                            )
                        )
                    )
                )
            ),
            Some(
                ProcedurePrimitiveCall(
                    ProcedurePrimitiveCall2(
                        Port(
                            StringWrite
                        ),
                        Contexts(
                            RegisterGet1(
                                0
                            )
                        ),
                        Contexts(
                            BindingGet1(
                                Binding {
                                    identifier: Some(
                                        Symbol(
                                            "s-out"
                                        )
                                    ),
                                    initialized: false,
                                    immutable: false,
                                    handle: Handle(010abfcdfbfe191a)
                                }
                            )
                        )
                    )
                )
            ),
            Some(
                Single(
                    GuardOnly(
                        Expression(
                            ProcedurePrimitiveCall(
                                ProcedurePrimitiveCall1(
                                    Type(
                                        IsPortEof
                                    ),
                                    Contexts(
                                        RegisterGet1(
                                            0
                                        )
                                    )
                                )
                            ),
                            false
                        ),
                        Return
                    )
                )
            )
        ),
        [
            LocalValue(
                None,
                false
            )
        ]
    )
)
--------------------------------------------------------------------------------

