
--------------------------------------------------------------------------------
Loop(
    None,
    None,
    None,
    Some(
        TrueReturn,
    ),
)
--------------------------------------------------------------------------------


--------------------------------------------------------------------------------
Loop(
    None,
    None,
    None,
    None,
)
--------------------------------------------------------------------------------


--------------------------------------------------------------------------------
Loop(
    None,
    None,
    None,
    None,
)
--------------------------------------------------------------------------------

