
--------------------------------------------------------------------------------
ProcedurePrimitiveCall(
    ProcedurePrimitiveCallN(
        List(
            ListBuild,
        ),
        [
            Value(
                Boolean(
                    true,
                ),
            ),
            Value(
                Boolean(
                    true,
                ),
            ),
            Value(
                Boolean(
                    false,
                ),
            ),
            Value(
                NumberInteger(
                    2,
                ),
            ),
            Value(
                Boolean(
                    false,
                ),
            ),
            Value(
                Boolean(
                    false,
                ),
            ),
            Value(
                Boolean(
                    false,
                ),
            ),
            Value(
                Boolean(
                    false,
                ),
            ),
            ProcedurePrimitiveCall(
                ProcedurePrimitiveCall0(
                    List(
                        ListEmpty,
                    ),
                ),
            ),
            Sequence(
                And,
                [
                    ProcedurePrimitiveCall(
                        ProcedurePrimitiveCall0(
                            List(
                                ListEmpty,
                            ),
                        ),
                    ),
                    Value(
                        Boolean(
                            true,
                        ),
                    ),
                ],
            ),
            Value(
                Boolean(
                    false,
                ),
            ),
            Value(
                Boolean(
                    false,
                ),
            ),
            ProcedurePrimitiveCall(
                ProcedurePrimitiveCall0(
                    List(
                        ListEmpty,
                    ),
                ),
            ),
            Sequence(
                And,
                [
                    ProcedurePrimitiveCall(
                        ProcedurePrimitiveCall0(
                            List(
                                ListEmpty,
                            ),
                        ),
                    ),
                    Value(
                        NumberInteger(
                            2,
                        ),
                    ),
                ],
            ),
        ],
    ),
)
--------------------------------------------------------------------------------


--------------------------------------------------------------------------------
ProcedurePrimitiveCall(
    ProcedurePrimitiveCallN(
        List(
            ListBuild,
        ),
        [
            Value(
                Boolean(
                    false,
                ),
            ),
            Value(
                Boolean(
                    true,
                ),
            ),
            Value(
                Boolean(
                    false,
                ),
            ),
            Value(
                NumberInteger(
                    1,
                ),
            ),
            Value(
                Boolean(
                    true,
                ),
            ),
            Value(
                Boolean(
                    true,
                ),
            ),
            Value(
                NumberInteger(
                    1,
                ),
            ),
            Value(
                NumberInteger(
                    1,
                ),
            ),
            Value(
                Boolean(
                    true,
                ),
            ),
            Sequence(
                Or,
                [
                    ProcedurePrimitiveCall(
                        ProcedurePrimitiveCall0(
                            List(
                                ListEmpty,
                            ),
                        ),
                    ),
                    Value(
                        Boolean(
                            true,
                        ),
                    ),
                ],
            ),
            ProcedurePrimitiveCall(
                ProcedurePrimitiveCall0(
                    List(
                        ListEmpty,
                    ),
                ),
            ),
            ProcedurePrimitiveCall(
                ProcedurePrimitiveCall0(
                    List(
                        ListEmpty,
                    ),
                ),
            ),
            Value(
                NumberInteger(
                    1,
                ),
            ),
            Sequence(
                Or,
                [
                    ProcedurePrimitiveCall(
                        ProcedurePrimitiveCall0(
                            List(
                                ListEmpty,
                            ),
                        ),
                    ),
                    Value(
                        NumberInteger(
                            1,
                        ),
                    ),
                ],
            ),
        ],
    ),
)
--------------------------------------------------------------------------------

